[0114/222737.481:ERROR:prune_crash_reports.cc(35)] PruneCrashReportDatabase: Failed to get pending reports
[0116/142934.923:ERROR:registration_protocol_win.cc(84)] TransactNamedPipe: The pipe has been ended. (0x6D)
[0116/143928.096:ERROR:registration_protocol_win.cc(84)] TransactNamedPipe: The pipe has been ended. (0x6D)
[0116/143947.928:ERROR:registration_protocol_win.cc(84)] TransactNamedPipe: The pipe has been ended. (0x6D)
[0116/144019.643:ERROR:registration_protocol_win.cc(84)] TransactNamedPipe: The pipe has been ended. (0x6D)
[0116/144038.648:ERROR:registration_protocol_win.cc(84)] TransactNamedPipe: The pipe has been ended. (0x6D)
[0116/144415.794:ERROR:registration_protocol_win.cc(84)] TransactNamedPipe: The pipe has been ended. (0x6D)
[0116/144625.435:ERROR:registration_protocol_win.cc(84)] TransactNamedPipe: The pipe has been ended. (0x6D)
[0116/144916.933:ERROR:registration_protocol_win.cc(84)] TransactNamedPipe: The pipe has been ended. (0x6D)
[0116/145118.211:ERROR:registration_protocol_win.cc(84)] TransactNamedPipe: The pipe has been ended. (0x6D)
[0116/150054.135:ERROR:registration_protocol_win.cc(84)] TransactNamedPipe: The pipe has been ended. (0x6D)
[0116/150759.203:ERROR:registration_protocol_win.cc(84)] TransactNamedPipe: The pipe has been ended. (0x6D)
[0116/155217.057:ERROR:registration_protocol_win.cc(84)] TransactNamedPipe: The pipe has been ended. (0x6D)
[0116/155544.987:ERROR:registration_protocol_win.cc(84)] TransactNamedPipe: The pipe has been ended. (0x6D)
[0116/160240.692:ERROR:registration_protocol_win.cc(84)] TransactNamedPipe: The pipe has been ended. (0x6D)
[0116/160505.413:ERROR:registration_protocol_win.cc(84)] TransactNamedPipe: The pipe has been ended. (0x6D)
[0116/165703.373:ERROR:registration_protocol_win.cc(84)] TransactNamedPipe: The pipe has been ended. (0x6D)
[0116/170516.192:ERROR:registration_protocol_win.cc(84)] TransactNamedPipe: The pipe has been ended. (0x6D)
[0116/171521.346:ERROR:registration_protocol_win.cc(84)] TransactNamedPipe: The pipe has been ended. (0x6D)
[0116/172337.610:ERROR:registration_protocol_win.cc(84)] TransactNamedPipe: The pipe has been ended. (0x6D)
[0116/174717.295:ERROR:registration_protocol_win.cc(84)] TransactNamedPipe: The pipe has been ended. (0x6D)
[0116/175537.300:ERROR:registration_protocol_win.cc(84)] TransactNamedPipe: The pipe has been ended. (0x6D)
[0116/182210.179:ERROR:registration_protocol_win.cc(84)] TransactNamedPipe: The pipe has been ended. (0x6D)
[0116/192556.787:ERROR:registration_protocol_win.cc(84)] TransactNamedPipe: The pipe has been ended. (0x6D)
[0116/193402.364:ERROR:registration_protocol_win.cc(84)] TransactNamedPipe: The pipe has been ended. (0x6D)
[0116/193442.229:ERROR:registration_protocol_win.cc(84)] TransactNamedPipe: The pipe has been ended. (0x6D)
[0116/211151.799:ERROR:registration_protocol_win.cc(84)] TransactNamedPipe: The pipe has been ended. (0x6D)
[0116/211534.709:ERROR:registration_protocol_win.cc(84)] TransactNamedPipe: The pipe has been ended. (0x6D)
[0116/213329.635:ERROR:registration_protocol_win.cc(84)] TransactNamedPipe: The pipe has been ended. (0x6D)
[0116/213407.858:ERROR:registration_protocol_win.cc(84)] TransactNamedPipe: The pipe has been ended. (0x6D)
[0116/213732.240:ERROR:registration_protocol_win.cc(84)] TransactNamedPipe: The pipe has been ended. (0x6D)
[0116/214018.558:ERROR:registration_protocol_win.cc(84)] TransactNamedPipe: The pipe has been ended. (0x6D)
[0116/214030.677:ERROR:registration_protocol_win.cc(84)] TransactNamedPipe: The pipe has been ended. (0x6D)
[0116/214914.598:ERROR:registration_protocol_win.cc(84)] TransactNamedPipe: The pipe has been ended. (0x6D)
[0116/215257.759:ERROR:registration_protocol_win.cc(84)] TransactNamedPipe: The pipe has been ended. (0x6D)
[0116/220125.407:ERROR:registration_protocol_win.cc(84)] TransactNamedPipe: The pipe has been ended. (0x6D)
[0116/220141.211:ERROR:registration_protocol_win.cc(84)] TransactNamedPipe: The pipe has been ended. (0x6D)
[0116/220240.338:ERROR:registration_protocol_win.cc(84)] TransactNamedPipe: The pipe has been ended. (0x6D)
[0116/220255.575:ERROR:registration_protocol_win.cc(84)] TransactNamedPipe: The pipe has been ended. (0x6D)
[0116/220426.699:ERROR:registration_protocol_win.cc(84)] TransactNamedPipe: The pipe has been ended. (0x6D)
[0116/221957.895:ERROR:registration_protocol_win.cc(84)] TransactNamedPipe: The pipe has been ended. (0x6D)
[0116/222423.545:ERROR:registration_protocol_win.cc(84)] TransactNamedPipe: The pipe has been ended. (0x6D)
[0116/222844.346:ERROR:registration_protocol_win.cc(84)] TransactNamedPipe: The pipe has been ended. (0x6D)
[0116/222849.237:ERROR:registration_protocol_win.cc(84)] TransactNamedPipe: The pipe has been ended. (0x6D)
[0116/223644.426:ERROR:registration_protocol_win.cc(84)] TransactNamedPipe: The pipe has been ended. (0x6D)
[0116/223731.877:ERROR:registration_protocol_win.cc(84)] TransactNamedPipe: The pipe has been ended. (0x6D)
[0116/224754.018:ERROR:registration_protocol_win.cc(84)] TransactNamedPipe: The pipe has been ended. (0x6D)
[0116/225209.484:ERROR:registration_protocol_win.cc(84)] TransactNamedPipe: The pipe has been ended. (0x6D)
[0409/183507.013:ERROR:prune_crash_reports.cc(35)] PruneCrashReportDatabase: Failed to get pending reports
[0506/000733.497:ERROR:prune_crash_reports.cc(35)] PruneCrashReportDatabase: Failed to get pending reports
[0506/235736.503:ERROR:process_reader_win.cc(123)] NtOpenThread: {Access Denied} A process has requested access to an object, but has not been granted those access rights. (0xc0000022)
[0506/235736.506:ERROR:exception_snapshot_win.cc(98)] thread ID 12752 not found in process
[0506/235740.889:ERROR:process_reader_win.cc(151)] SuspendThread: Access is denied. (0x5)
[0506/235740.891:ERROR:process_reader_win.cc(151)] SuspendThread: Access is denied. (0x5)
[0506/235740.891:ERROR:process_reader_win.cc(123)] NtOpenThread: {Access Denied} A process has requested access to an object, but has not been granted those access rights. (0xc0000022)
[0506/235740.891:ERROR:exception_snapshot_win.cc(98)] thread ID 12496 not found in process
[0506/235742.644:ERROR:process_reader_win.cc(123)] NtOpenThread: {Access Denied} A process has requested access to an object, but has not been granted those access rights. (0xc0000022)
[0506/235742.644:ERROR:exception_snapshot_win.cc(98)] thread ID 7036 not found in process
[0506/235744.397:ERROR:process_reader_win.cc(151)] SuspendThread: Access is denied. (0x5)
[0506/235744.397:ERROR:process_reader_win.cc(151)] SuspendThread: Access is denied. (0x5)
[0506/235744.398:ERROR:process_reader_win.cc(123)] NtOpenThread: {Access Denied} A process has requested access to an object, but has not been granted those access rights. (0xc0000022)
[0506/235744.398:ERROR:exception_snapshot_win.cc(98)] thread ID 2760 not found in process
[0506/235749.885:ERROR:process_reader_win.cc(123)] NtOpenThread: {Access Denied} A process has requested access to an object, but has not been granted those access rights. (0xc0000022)
[0506/235749.885:ERROR:exception_snapshot_win.cc(98)] thread ID 10508 not found in process
[0506/235751.878:ERROR:process_reader_win.cc(151)] SuspendThread: Access is denied. (0x5)
[0506/235751.879:ERROR:process_reader_win.cc(151)] SuspendThread: Access is denied. (0x5)
[0506/235751.879:ERROR:process_reader_win.cc(123)] NtOpenThread: {Access Denied} A process has requested access to an object, but has not been granted those access rights. (0xc0000022)
[0506/235751.879:ERROR:exception_snapshot_win.cc(98)] thread ID 16976 not found in process
[0506/235755.185:ERROR:process_reader_win.cc(123)] NtOpenThread: {Access Denied} A process has requested access to an object, but has not been granted those access rights. (0xc0000022)
[0506/235755.186:ERROR:exception_snapshot_win.cc(98)] thread ID 2732 not found in process
[0506/235757.017:ERROR:process_reader_win.cc(123)] NtOpenThread: {Access Denied} A process has requested access to an object, but has not been granted those access rights. (0xc0000022)
[0506/235757.017:ERROR:exception_snapshot_win.cc(98)] thread ID 15180 not found in process
[0506/235758.670:ERROR:process_reader_win.cc(123)] NtOpenThread: {Access Denied} A process has requested access to an object, but has not been granted those access rights. (0xc0000022)
[0506/235758.671:ERROR:exception_snapshot_win.cc(98)] thread ID 13676 not found in process
[0506/235803.656:ERROR:process_reader_win.cc(123)] NtOpenThread: {Access Denied} A process has requested access to an object, but has not been granted those access rights. (0xc0000022)
[0506/235803.657:ERROR:exception_snapshot_win.cc(98)] thread ID 13460 not found in process
[0506/235806.307:ERROR:process_reader_win.cc(123)] NtOpenThread: {Access Denied} A process has requested access to an object, but has not been granted those access rights. (0xc0000022)
[0506/235806.308:ERROR:exception_snapshot_win.cc(98)] thread ID 2256 not found in process
[0506/235808.257:ERROR:process_reader_win.cc(123)] NtOpenThread: {Access Denied} A process has requested access to an object, but has not been granted those access rights. (0xc0000022)
[0506/235808.257:ERROR:exception_snapshot_win.cc(98)] thread ID 12836 not found in process
[0506/235810.151:ERROR:process_reader_win.cc(123)] NtOpenThread: {Access Denied} A process has requested access to an object, but has not been granted those access rights. (0xc0000022)
[0506/235810.151:ERROR:exception_snapshot_win.cc(98)] thread ID 11632 not found in process
[0506/235811.722:ERROR:process_reader_win.cc(123)] NtOpenThread: {Access Denied} A process has requested access to an object, but has not been granted those access rights. (0xc0000022)
[0506/235811.722:ERROR:exception_snapshot_win.cc(98)] thread ID 8260 not found in process
[0506/235825.725:ERROR:process_reader_win.cc(123)] NtOpenThread: {Access Denied} A process has requested access to an object, but has not been granted those access rights. (0xc0000022)
[0506/235825.726:ERROR:exception_snapshot_win.cc(98)] thread ID 5496 not found in process
[0506/235831.146:ERROR:process_reader_win.cc(151)] SuspendThread: Access is denied. (0x5)
[0506/235831.146:ERROR:process_reader_win.cc(123)] NtOpenThread: {Access Denied} A process has requested access to an object, but has not been granted those access rights. (0xc0000022)
[0506/235831.146:ERROR:exception_snapshot_win.cc(98)] thread ID 11376 not found in process
[0506/235835.673:ERROR:process_reader_win.cc(123)] NtOpenThread: {Access Denied} A process has requested access to an object, but has not been granted those access rights. (0xc0000022)
[0506/235835.673:ERROR:exception_snapshot_win.cc(98)] thread ID 16396 not found in process
[0507/220529.050:ERROR:process_reader_win.cc(123)] NtOpenThread: {Access Denied} A process has requested access to an object, but has not been granted those access rights. (0xc0000022)
[0507/220529.052:ERROR:exception_snapshot_win.cc(98)] thread ID 13640 not found in process
[0507/220533.168:ERROR:process_reader_win.cc(123)] NtOpenThread: {Access Denied} A process has requested access to an object, but has not been granted those access rights. (0xc0000022)
[0507/220533.168:ERROR:exception_snapshot_win.cc(98)] thread ID 17324 not found in process
[0507/230149.589:ERROR:process_reader_win.cc(151)] SuspendThread: Access is denied. (0x5)
[0507/230149.592:ERROR:process_reader_win.cc(151)] SuspendThread: Access is denied. (0x5)
[0507/230149.592:ERROR:process_reader_win.cc(151)] SuspendThread: Access is denied. (0x5)
[0507/230149.593:ERROR:process_reader_win.cc(151)] SuspendThread: Access is denied. (0x5)
[0507/230149.593:ERROR:process_reader_win.cc(151)] SuspendThread: Access is denied. (0x5)
[0507/230149.593:ERROR:process_reader_win.cc(151)] SuspendThread: Access is denied. (0x5)
[0507/230149.593:ERROR:process_reader_win.cc(151)] SuspendThread: Access is denied. (0x5)
[0507/230149.593:ERROR:process_reader_win.cc(151)] SuspendThread: Access is denied. (0x5)
[0507/230149.594:ERROR:process_reader_win.cc(151)] SuspendThread: Access is denied. (0x5)
[0507/230149.594:ERROR:process_reader_win.cc(123)] NtOpenThread: {Access Denied} A process has requested access to an object, but has not been granted those access rights. (0xc0000022)
[0507/230149.632:ERROR:exception_snapshot_win.cc(98)] thread ID 11056 not found in process
[0507/230939.218:ERROR:process_reader_win.cc(123)] NtOpenThread: {Access Denied} A process has requested access to an object, but has not been granted those access rights. (0xc0000022)
[0507/230939.218:ERROR:exception_snapshot_win.cc(98)] thread ID 18056 not found in process
[0507/230942.920:ERROR:process_reader_win.cc(123)] NtOpenThread: {Access Denied} A process has requested access to an object, but has not been granted those access rights. (0xc0000022)
[0507/230942.920:ERROR:exception_snapshot_win.cc(98)] thread ID 16576 not found in process
[0507/231133.641:ERROR:process_reader_win.cc(123)] NtOpenThread: {Access Denied} A process has requested access to an object, but has not been granted those access rights. (0xc0000022)
[0507/231133.641:ERROR:exception_snapshot_win.cc(98)] thread ID 18180 not found in process
